<?xml version="1.0" encoding="UTF-8"?>
<coverage generated="1773584135428" clover="3.2.0">
  <project timestamp="1773584135428" name="All files">
    <metrics statements="64" coveredstatements="59" conditionals="48" coveredconditionals="43" methods="5" coveredmethods="5" elements="117" coveredelements="107" complexity="0" loc="64" ncloc="64" packages="1" files="1" classes="1"/>
    <file name="order.controller.js" path="/Users/brunalopes/projeto/ecommerce-backend/src/modules/orders/order.controller.js">
      <metrics statements="64" coveredstatements="59" conditionals="48" coveredconditionals="43" methods="5" coveredmethods="5"/>
      <line num="1" count="3" type="stmt"/>
      <line num="5" count="5" type="stmt"/>
      <line num="6" count="5" type="stmt"/>
      <line num="7" count="5" type="stmt"/>
      <line num="9" count="2" type="cond" truecount="2" falsecount="0"/>
      <line num="10" count="1" type="stmt"/>
      <line num="12" count="1" type="stmt"/>
      <line num="16" count="3" type="cond" truecount="4" falsecount="0"/>
      <line num="17" count="1" type="stmt"/>
      <line num="19" count="2" type="stmt"/>
      <line num="25" count="6" type="stmt"/>
      <line num="26" count="6" type="stmt"/>
      <line num="27" count="6" type="stmt"/>
      <line num="29" count="3" type="cond" truecount="2" falsecount="0"/>
      <line num="30" count="1" type="stmt"/>
      <line num="32" count="2" type="stmt"/>
      <line num="35" count="3" type="cond" truecount="4" falsecount="0"/>
      <line num="36" count="1" type="stmt"/>
      <line num="38" count="2" type="stmt"/>
      <line num="44" count="6" type="stmt"/>
      <line num="45" count="6" type="stmt"/>
      <line num="46" count="6" type="stmt"/>
      <line num="51" count="3" type="cond" truecount="2" falsecount="0"/>
      <line num="52" count="2" type="stmt"/>
      <line num="54" count="1" type="stmt"/>
      <line num="56" count="3" type="cond" truecount="4" falsecount="0"/>
      <line num="57" count="1" type="stmt"/>
      <line num="59" count="2" type="cond" truecount="3" falsecount="1"/>
      <line num="60" count="0" type="stmt"/>
      <line num="62" count="2" type="stmt"/>
      <line num="67" count="7" type="stmt"/>
      <line num="68" count="7" type="stmt"/>
      <line num="69" count="7" type="stmt"/>
      <line num="71" count="7" type="cond" truecount="1" falsecount="1"/>
      <line num="72" count="0" type="stmt"/>
      <line num="75" count="7" type="stmt"/>
      <line num="81" count="2" type="cond" truecount="2" falsecount="0"/>
      <line num="82" count="1" type="stmt"/>
      <line num="85" count="1" type="stmt"/>
      <line num="88" count="5" type="cond" truecount="4" falsecount="0"/>
      <line num="89" count="3" type="cond" truecount="2" falsecount="0"/>
      <line num="90" count="1" type="stmt"/>
      <line num="92" count="2" type="cond" truecount="2" falsecount="0"/>
      <line num="93" count="1" type="stmt"/>
      <line num="95" count="1" type="cond" truecount="1" falsecount="1"/>
      <line num="96" count="1" type="stmt"/>
      <line num="99" count="0" type="stmt"/>
      <line num="102" count="2" type="stmt"/>
      <line num="107" count="6" type="stmt"/>
      <line num="108" count="6" type="stmt"/>
      <line num="109" count="6" type="stmt"/>
      <line num="111" count="2" type="cond" truecount="2" falsecount="0"/>
      <line num="112" count="1" type="stmt"/>
      <line num="115" count="1" type="cond" truecount="1" falsecount="1"/>
      <line num="116" count="1" type="stmt"/>
      <line num="119" count="0" type="stmt"/>
      <line num="121" count="4" type="cond" truecount="4" falsecount="0"/>
      <line num="122" count="2" type="cond" truecount="2" falsecount="0"/>
      <line num="123" count="1" type="stmt"/>
      <line num="125" count="1" type="cond" truecount="1" falsecount="1"/>
      <line num="126" count="1" type="stmt"/>
      <line num="128" count="0" type="stmt"/>
      <line num="130" count="2" type="stmt"/>
      <line num="135" count="3" type="stmt"/>
    </file>
  </project>
</coverage>
