{"/Users/brunalopes/projeto/ecommerce-backend/src/modules/orders/order.controller.js": {"path":"/Users/brunalopes/projeto/ecommerce-backend/src/modules/orders/order.controller.js","statementMap":{"0":{"start":{"line":1,"column":21},"end":{"line":1,"column":47}},"1":{"start":{"line":5,"column":4},"end":{"line":21,"column":5}},"2":{"start":{"line":6,"column":21},"end":{"line":6,"column":34}},"3":{"start":{"line":7,"column":21},"end":{"line":7,"column":64}},"4":{"start":{"line":9,"column":6},"end":{"line":11,"column":7}},"5":{"start":{"line":10,"column":8},"end":{"line":10,"column":65}},"6":{"start":{"line":12,"column":6},"end":{"line":12,"column":35}},"7":{"start":{"line":16,"column":6},"end":{"line":20,"column":7}},"8":{"start":{"line":17,"column":8},"end":{"line":17,"column":54}},"9":{"start":{"line":19,"column":8},"end":{"line":19,"column":67}},"10":{"start":{"line":25,"column":4},"end":{"line":40,"column":5}},"11":{"start":{"line":26,"column":22},"end":{"line":26,"column":52}},"12":{"start":{"line":27,"column":22},"end":{"line":27,"column":72}},"13":{"start":{"line":29,"column":6},"end":{"line":31,"column":7}},"14":{"start":{"line":30,"column":8},"end":{"line":30,"column":40}},"15":{"start":{"line":32,"column":6},"end":{"line":32,"column":36}},"16":{"start":{"line":35,"column":6},"end":{"line":39,"column":7}},"17":{"start":{"line":36,"column":8},"end":{"line":36,"column":54}},"18":{"start":{"line":38,"column":8},"end":{"line":38,"column":67}},"19":{"start":{"line":44,"column":4},"end":{"line":63,"column":5}},"20":{"start":{"line":45,"column":22},"end":{"line":45,"column":52}},"21":{"start":{"line":46,"column":21},"end":{"line":50,"column":7}},"22":{"start":{"line":51,"column":6},"end":{"line":53,"column":7}},"23":{"start":{"line":52,"column":8},"end":{"line":52,"column":71}},"24":{"start":{"line":54,"column":6},"end":{"line":54,"column":35}},"25":{"start":{"line":56,"column":6},"end":{"line":58,"column":7}},"26":{"start":{"line":57,"column":8},"end":{"line":57,"column":63}},"27":{"start":{"line":59,"column":6},"end":{"line":61,"column":7}},"28":{"start":{"line":60,"column":8},"end":{"line":60,"column":61}},"29":{"start":{"line":62,"column":6},"end":{"line":62,"column":72}},"30":{"start":{"line":67,"column":4},"end":{"line":103,"column":5}},"31":{"start":{"line":68,"column":22},"end":{"line":68,"column":52}},"32":{"start":{"line":69,"column":25},"end":{"line":69,"column":33}},"33":{"start":{"line":71,"column":6},"end":{"line":73,"column":7}},"34":{"start":{"line":72,"column":8},"end":{"line":72,"column":70}},"35":{"start":{"line":75,"column":21},"end":{"line":79,"column":7}},"36":{"start":{"line":81,"column":6},"end":{"line":83,"column":7}},"37":{"start":{"line":82,"column":8},"end":{"line":82,"column":71}},"38":{"start":{"line":85,"column":6},"end":{"line":85,"column":35}},"39":{"start":{"line":88,"column":6},"end":{"line":100,"column":7}},"40":{"start":{"line":89,"column":8},"end":{"line":91,"column":9}},"41":{"start":{"line":90,"column":10},"end":{"line":90,"column":63}},"42":{"start":{"line":92,"column":8},"end":{"line":94,"column":9}},"43":{"start":{"line":93,"column":10},"end":{"line":93,"column":63}},"44":{"start":{"line":95,"column":8},"end":{"line":97,"column":9}},"45":{"start":{"line":96,"column":10},"end":{"line":96,"column":63}},"46":{"start":{"line":99,"column":8},"end":{"line":99,"column":61}},"47":{"start":{"line":102,"column":6},"end":{"line":102,"column":72}},"48":{"start":{"line":107,"column":4},"end":{"line":131,"column":5}},"49":{"start":{"line":108,"column":22},"end":{"line":108,"column":52}},"50":{"start":{"line":109,"column":24},"end":{"line":109,"column":73}},"51":{"start":{"line":111,"column":6},"end":{"line":113,"column":7}},"52":{"start":{"line":112,"column":8},"end":{"line":112,"column":38}},"53":{"start":{"line":115,"column":6},"end":{"line":117,"column":7}},"54":{"start":{"line":116,"column":8},"end":{"line":116,"column":71}},"55":{"start":{"line":119,"column":6},"end":{"line":119,"column":45}},"56":{"start":{"line":121,"column":6},"end":{"line":129,"column":7}},"57":{"start":{"line":122,"column":8},"end":{"line":124,"column":9}},"58":{"start":{"line":123,"column":10},"end":{"line":123,"column":63}},"59":{"start":{"line":125,"column":8},"end":{"line":127,"column":9}},"60":{"start":{"line":126,"column":10},"end":{"line":126,"column":63}},"61":{"start":{"line":128,"column":8},"end":{"line":128,"column":61}},"62":{"start":{"line":130,"column":6},"end":{"line":130,"column":72}},"63":{"start":{"line":135,"column":0},"end":{"line":135,"column":33}}},"fnMap":{"0":{"name":"(anonymous_0)","decl":{"start":{"line":4,"column":2},"end":{"line":4,"column":3}},"loc":{"start":{"line":4,"column":32},"end":{"line":22,"column":3}},"line":4},"1":{"name":"(anonymous_1)","decl":{"start":{"line":24,"column":2},"end":{"line":24,"column":3}},"loc":{"start":{"line":24,"column":33},"end":{"line":41,"column":3}},"line":24},"2":{"name":"(anonymous_2)","decl":{"start":{"line":43,"column":2},"end":{"line":43,"column":3}},"loc":{"start":{"line":43,"column":34},"end":{"line":64,"column":3}},"line":43},"3":{"name":"(anonymous_3)","decl":{"start":{"line":66,"column":2},"end":{"line":66,"column":3}},"loc":{"start":{"line":66,"column":38},"end":{"line":104,"column":3}},"line":66},"4":{"name":"(anonymous_4)","decl":{"start":{"line":106,"column":2},"end":{"line":106,"column":3}},"loc":{"start":{"line":106,"column":32},"end":{"line":132,"column":3}},"line":106}},"branchMap":{"0":{"loc":{"start":{"line":9,"column":6},"end":{"line":11,"column":7}},"type":"if","locations":[{"start":{"line":9,"column":6},"end":{"line":11,"column":7}},{"start":{},"end":{}}],"line":9},"1":{"loc":{"start":{"line":16,"column":6},"end":{"line":20,"column":7}},"type":"if","locations":[{"start":{"line":16,"column":6},"end":{"line":20,"column":7}},{"start":{"line":18,"column":13},"end":{"line":20,"column":7}}],"line":16},"2":{"loc":{"start":{"line":16,"column":10},"end":{"line":16,"column":32}},"type":"binary-expr","locations":[{"start":{"line":16,"column":10},"end":{"line":16,"column":15}},{"start":{"line":16,"column":19},"end":{"line":16,"column":32}}],"line":16},"3":{"loc":{"start":{"line":29,"column":6},"end":{"line":31,"column":7}},"type":"if","locations":[{"start":{"line":29,"column":6},"end":{"line":31,"column":7}},{"start":{},"end":{}}],"line":29},"4":{"loc":{"start":{"line":35,"column":6},"end":{"line":39,"column":7}},"type":"if","locations":[{"start":{"line":35,"column":6},"end":{"line":39,"column":7}},{"start":{"line":37,"column":13},"end":{"line":39,"column":7}}],"line":35},"5":{"loc":{"start":{"line":35,"column":10},"end":{"line":35,"column":32}},"type":"binary-expr","locations":[{"start":{"line":35,"column":10},"end":{"line":35,"column":15}},{"start":{"line":35,"column":19},"end":{"line":35,"column":32}}],"line":35},"6":{"loc":{"start":{"line":51,"column":6},"end":{"line":53,"column":7}},"type":"if","locations":[{"start":{"line":51,"column":6},"end":{"line":53,"column":7}},{"start":{},"end":{}}],"line":51},"7":{"loc":{"start":{"line":56,"column":6},"end":{"line":58,"column":7}},"type":"if","locations":[{"start":{"line":56,"column":6},"end":{"line":58,"column":7}},{"start":{},"end":{}}],"line":56},"8":{"loc":{"start":{"line":56,"column":10},"end":{"line":56,"column":52}},"type":"binary-expr","locations":[{"start":{"line":56,"column":10},"end":{"line":56,"column":15}},{"start":{"line":56,"column":19},"end":{"line":56,"column":52}}],"line":56},"9":{"loc":{"start":{"line":59,"column":6},"end":{"line":61,"column":7}},"type":"if","locations":[{"start":{"line":59,"column":6},"end":{"line":61,"column":7}},{"start":{},"end":{}}],"line":59},"10":{"loc":{"start":{"line":59,"column":10},"end":{"line":59,"column":32}},"type":"binary-expr","locations":[{"start":{"line":59,"column":10},"end":{"line":59,"column":15}},{"start":{"line":59,"column":19},"end":{"line":59,"column":32}}],"line":59},"11":{"loc":{"start":{"line":71,"column":6},"end":{"line":73,"column":7}},"type":"if","locations":[{"start":{"line":71,"column":6},"end":{"line":73,"column":7}},{"start":{},"end":{}}],"line":71},"12":{"loc":{"start":{"line":81,"column":6},"end":{"line":83,"column":7}},"type":"if","locations":[{"start":{"line":81,"column":6},"end":{"line":83,"column":7}},{"start":{},"end":{}}],"line":81},"13":{"loc":{"start":{"line":88,"column":6},"end":{"line":100,"column":7}},"type":"if","locations":[{"start":{"line":88,"column":6},"end":{"line":100,"column":7}},{"start":{},"end":{}}],"line":88},"14":{"loc":{"start":{"line":88,"column":10},"end":{"line":88,"column":32}},"type":"binary-expr","locations":[{"start":{"line":88,"column":10},"end":{"line":88,"column":15}},{"start":{"line":88,"column":19},"end":{"line":88,"column":32}}],"line":88},"15":{"loc":{"start":{"line":89,"column":8},"end":{"line":91,"column":9}},"type":"if","locations":[{"start":{"line":89,"column":8},"end":{"line":91,"column":9}},{"start":{},"end":{}}],"line":89},"16":{"loc":{"start":{"line":92,"column":8},"end":{"line":94,"column":9}},"type":"if","locations":[{"start":{"line":92,"column":8},"end":{"line":94,"column":9}},{"start":{},"end":{}}],"line":92},"17":{"loc":{"start":{"line":95,"column":8},"end":{"line":97,"column":9}},"type":"if","locations":[{"start":{"line":95,"column":8},"end":{"line":97,"column":9}},{"start":{},"end":{}}],"line":95},"18":{"loc":{"start":{"line":111,"column":6},"end":{"line":113,"column":7}},"type":"if","locations":[{"start":{"line":111,"column":6},"end":{"line":113,"column":7}},{"start":{},"end":{}}],"line":111},"19":{"loc":{"start":{"line":115,"column":6},"end":{"line":117,"column":7}},"type":"if","locations":[{"start":{"line":115,"column":6},"end":{"line":117,"column":7}},{"start":{},"end":{}}],"line":115},"20":{"loc":{"start":{"line":121,"column":6},"end":{"line":129,"column":7}},"type":"if","locations":[{"start":{"line":121,"column":6},"end":{"line":129,"column":7}},{"start":{},"end":{}}],"line":121},"21":{"loc":{"start":{"line":121,"column":10},"end":{"line":121,"column":32}},"type":"binary-expr","locations":[{"start":{"line":121,"column":10},"end":{"line":121,"column":15}},{"start":{"line":121,"column":19},"end":{"line":121,"column":32}}],"line":121},"22":{"loc":{"start":{"line":122,"column":8},"end":{"line":124,"column":9}},"type":"if","locations":[{"start":{"line":122,"column":8},"end":{"line":124,"column":9}},{"start":{},"end":{}}],"line":122},"23":{"loc":{"start":{"line":125,"column":8},"end":{"line":127,"column":9}},"type":"if","locations":[{"start":{"line":125,"column":8},"end":{"line":127,"column":9}},{"start":{},"end":{}}],"line":125}},"s":{"0":3,"1":5,"2":5,"3":5,"4":2,"5":1,"6":1,"7":3,"8":1,"9":2,"10":6,"11":6,"12":6,"13":3,"14":1,"15":2,"16":3,"17":1,"18":2,"19":6,"20":6,"21":6,"22":3,"23":2,"24":1,"25":3,"26":1,"27":2,"28":0,"29":2,"30":7,"31":7,"32":7,"33":7,"34":0,"35":7,"36":2,"37":1,"38":1,"39":5,"40":3,"41":1,"42":2,"43":1,"44":1,"45":1,"46":0,"47":2,"48":6,"49":6,"50":6,"51":2,"52":1,"53":1,"54":1,"55":0,"56":4,"57":2,"58":1,"59":1,"60":1,"61":0,"62":2,"63":3},"f":{"0":5,"1":6,"2":6,"3":7,"4":6},"b":{"0":[1,1],"1":[1,2],"2":[3,3],"3":[1,2],"4":[1,2],"5":[3,3],"6":[2,1],"7":[1,2],"8":[3,3],"9":[0,2],"10":[2,2],"11":[0,7],"12":[1,1],"13":[3,2],"14":[5,5],"15":[1,2],"16":[1,1],"17":[1,0],"18":[1,1],"19":[1,0],"20":[2,2],"21":[4,4],"22":[1,1],"23":[1,0]},"_coverageSchema":"1a1c01bbd47fc00a2c39e90264f33305004495a9","hash":"d12801a444870970ab3a8d026f4ad005b7652bf7"}
}
