TN:
SF:src/modules/orders/order.controller.js
FN:4,(anonymous_0)
FN:24,(anonymous_1)
FN:43,(anonymous_2)
FN:66,(anonymous_3)
FN:106,(anonymous_4)
FNF:5
FNH:5
FNDA:5,(anonymous_0)
FNDA:6,(anonymous_1)
FNDA:6,(anonymous_2)
FNDA:7,(anonymous_3)
FNDA:6,(anonymous_4)
DA:1,3
DA:5,5
DA:6,5
DA:7,5
DA:9,2
DA:10,1
DA:12,1
DA:16,3
DA:17,1
DA:19,2
DA:25,6
DA:26,6
DA:27,6
DA:29,3
DA:30,1
DA:32,2
DA:35,3
DA:36,1
DA:38,2
DA:44,6
DA:45,6
DA:46,6
DA:51,3
DA:52,2
DA:54,1
DA:56,3
DA:57,1
DA:59,2
DA:60,0
DA:62,2
DA:67,7
DA:68,7
DA:69,7
DA:71,7
DA:72,0
DA:75,7
DA:81,2
DA:82,1
DA:85,1
DA:88,5
DA:89,3
DA:90,1
DA:92,2
DA:93,1
DA:95,1
DA:96,1
DA:99,0
DA:102,2
DA:107,6
DA:108,6
DA:109,6
DA:111,2
DA:112,1
DA:115,1
DA:116,1
DA:119,0
DA:121,4
DA:122,2
DA:123,1
DA:125,1
DA:126,1
DA:128,0
DA:130,2
DA:135,3
LF:64
LH:59
BRDA:9,0,0,1
BRDA:9,0,1,1
BRDA:16,1,0,1
BRDA:16,1,1,2
BRDA:16,2,0,3
BRDA:16,2,1,3
BRDA:29,3,0,1
BRDA:29,3,1,2
BRDA:35,4,0,1
BRDA:35,4,1,2
BRDA:35,5,0,3
BRDA:35,5,1,3
BRDA:51,6,0,2
BRDA:51,6,1,1
BRDA:56,7,0,1
BRDA:56,7,1,2
BRDA:56,8,0,3
BRDA:56,8,1,3
BRDA:59,9,0,0
BRDA:59,9,1,2
BRDA:59,10,0,2
BRDA:59,10,1,2
BRDA:71,11,0,0
BRDA:71,11,1,7
BRDA:81,12,0,1
BRDA:81,12,1,1
BRDA:88,13,0,3
BRDA:88,13,1,2
BRDA:88,14,0,5
BRDA:88,14,1,5
BRDA:89,15,0,1
BRDA:89,15,1,2
BRDA:92,16,0,1
BRDA:92,16,1,1
BRDA:95,17,0,1
BRDA:95,17,1,0
BRDA:111,18,0,1
BRDA:111,18,1,1
BRDA:115,19,0,1
BRDA:115,19,1,0
BRDA:121,20,0,2
BRDA:121,20,1,2
BRDA:121,21,0,4
BRDA:121,21,1,4
BRDA:122,22,0,1
BRDA:122,22,1,1
BRDA:125,23,0,1
BRDA:125,23,1,0
BRF:48
BRH:43
end_of_record
